<?xml version="1.0" encoding="UTF-8"?>
<!-- Generated by org.testng.reporters.JUnitXMLReporter -->
<testsuite ignored="0" hostname="LAPTOP-G78KK4VM" failures="2" tests="20" name="Test" time="227.445" errors="0" timestamp="2023-03-02T20:47:14 IST">
  <testcase classname="testNg.AutoComplete" name="verifyAutoComplete" time="0.422"/>
  <testcase classname="testNg.Menuu" name="verifyMenu" time="0.38"/>
  <testcase classname="testNg.Accoridan" name="verifyAccordian" time="0.809"/>
  <testcase classname="testNg.ElementCard" name="verifyElementsCard" time="0.586"/>
  <testcase classname="testNg.Button" name="verifyButtons" time="0.34"/>
  <testcase classname="testNg.DataPicker" name="verifyDatePicker" time="0.4"/>
  <testcase classname="testNg.DynamicProperties" name="verifyDynamicProperties" time="0.339"/>
  <testcase classname="testNg.VisitMainPage" name="verifyMainPage" time="4.289"/>
  <testcase classname="testNg.VerifyLogo" name="verifyLogo" time="0.084"/>
  <testcase classname="testNg.JoinNow" name="verifyJoinNow" time="0.074"/>
  <testcase classname="testNg.Draggable" name="verifyDraggable" time="0.275">
    <failure type="java.lang.IllegalArgumentException" message="Cannot find elements when the XPath is null.">
      <![CDATA[java.lang.IllegalArgumentException: Cannot find elements when the XPath is null.
at org.openqa.selenium.internal.Require$ArgumentChecker.nonNull(Require.java:92)
at org.openqa.selenium.By$ByXPath.<init>(By.java:287)
at org.openqa.selenium.By.xpath(By.java:89)
at testNg.Draggable.verifyDraggable(Draggable.java:40)
at java.base/java.util.ArrayList.forEach(ArrayList.java:1511)
... Removed 25 stack frames]]>
    </failure>
  </testcase> <!-- verifyDraggable -->
  <testcase classname="testNg.Alerts" name="verifyAlerts" time="0.592"/>
  <testcase classname="testNg.CheckBox" name="verifyCheckBox" time="0.313"/>
  <testcase classname="testNg.Interaction" name="verifyInterations" time="0.408"/>
  <testcase classname="testNg.Dropable" name="verifyDroppable" time="0.48"/>
  <testcase classname="testNg.Resizeable" name="verifyResizable" time="0.365"/>
  <testcase classname="testNg.Forms" name="verifyForms" time="0.256"/>
  <testcase classname="testNg.AltersFrame" name="verifyFrames" time="0.286"/>
  <testcase classname="testNg.BookStore" name="verifyElements" time="1.204">
    <failure type="org.openqa.selenium.ElementClickInterceptedException" message="element click intercepted: Element &amp;lt;h5&amp;gt;...&amp;lt;/h5&amp;gt; is not clickable at point (153, 624). Other element would receive the click: &amp;lt;div id=&amp;quot;fixedban&amp;quot; style=&amp;quot;width:100%;margin:auto;text-align:center;float:none;overflow:hidden;display:scroll;position:fixed;bottom:0;z-index:9999999&amp;quot;&amp;gt;...&amp;lt;/div&amp;gt;
  (Session info: chrome=110.0.5481.178)
Build info: version: &amp;apos;4.0.0&amp;apos;, revision: &amp;apos;3a21814679&amp;apos;
System info: host: &amp;apos;LAPTOP-G78KK4VM&amp;apos;, ip: &amp;apos;192.168.194.25&amp;apos;, os.name: &amp;apos;Windows 10&amp;apos;, os.arch: &amp;apos;amd64&amp;apos;, os.version: &amp;apos;10.0&amp;apos;, java.version: &amp;apos;19.0.1&amp;apos;
Driver info: org.openqa.selenium.chrome.ChromeDriver
Command: [9a44d523f41617dccfb608f95b2cd8a4, clickElement {id=50fa97d7-521a-4d9a-a217-e2330fd80b09}]
Capabilities {acceptInsecureCerts: false, browserName: chrome, browserVersion: 110.0.5481.178, chrome: {chromedriverVersion: 110.0.5481.77 (65ed616c6e8e..., userDataDir: C:\Users\Admin\AppData\Loca...}, goog:chromeOptions: {debuggerAddress: localhost:5499}, javascriptEnabled: true, networkConnectionEnabled: false, pageLoadStrategy: normal, platform: WINDOWS, platformName: WINDOWS, proxy: Proxy(), se:cdp: ws://localhost:5499/devtool..., se:cdpVersion: 110.0.5481.178, setWindowRect: true, strictFileInteractability: false, timeouts: {implicit: 0, pageLoad: 300000, script: 30000}, unhandledPromptBehavior: dismiss and notify, webauthn:extension:credBlob: true, webauthn:extension:largeBlob: true, webauthn:virtualAuthenticators: true}
Element: [[ChromeDriver: chrome on WINDOWS (9a44d523f41617dccfb608f95b2cd8a4)] -&amp;gt; xpath: //h5[text()=&amp;apos;Book Store Application&amp;apos;]]
Session ID: 9a44d523f41617dccfb608f95b2cd8a4">
      <![CDATA[org.openqa.selenium.ElementClickInterceptedException: element click intercepted: Element <h5>...</h5> is not clickable at point (153, 624). Other element would receive the click: <div id="fixedban" style="width:100%;margin:auto;text-align:center;float:none;overflow:hidden;display:scroll;position:fixed;bottom:0;z-index:9999999">...</div>
  (Session info: chrome=110.0.5481.178)
Build info: version: '4.0.0', revision: '3a21814679'
System info: host: 'LAPTOP-G78KK4VM', ip: '192.168.194.25', os.name: 'Windows 10', os.arch: 'amd64', os.version: '10.0', java.version: '19.0.1'
Driver info: org.openqa.selenium.chrome.ChromeDriver
Command: [9a44d523f41617dccfb608f95b2cd8a4, clickElement {id=50fa97d7-521a-4d9a-a217-e2330fd80b09}]
Capabilities {acceptInsecureCerts: false, browserName: chrome, browserVersion: 110.0.5481.178, chrome: {chromedriverVersion: 110.0.5481.77 (65ed616c6e8e..., userDataDir: C:\Users\Admin\AppData\Loca...}, goog:chromeOptions: {debuggerAddress: localhost:5499}, javascriptEnabled: true, networkConnectionEnabled: false, pageLoadStrategy: normal, platform: WINDOWS, platformName: WINDOWS, proxy: Proxy(), se:cdp: ws://localhost:5499/devtool..., se:cdpVersion: 110.0.5481.178, setWindowRect: true, strictFileInteractability: false, timeouts: {implicit: 0, pageLoad: 300000, script: 30000}, unhandledPromptBehavior: dismiss and notify, webauthn:extension:credBlob: true, webauthn:extension:largeBlob: true, webauthn:virtualAuthenticators: true}
Element: [[ChromeDriver: chrome on WINDOWS (9a44d523f41617dccfb608f95b2cd8a4)] -> xpath: //h5[text()='Book Store Application']]
Session ID: 9a44d523f41617dccfb608f95b2cd8a4
at org.openqa.selenium.remote.codec.w3c.W3CHttpResponseCodec.createException(W3CHttpResponseCodec.java:200)
at org.openqa.selenium.remote.codec.w3c.W3CHttpResponseCodec.decode(W3CHttpResponseCodec.java:133)
at org.openqa.selenium.remote.codec.w3c.W3CHttpResponseCodec.decode(W3CHttpResponseCodec.java:53)
at org.openqa.selenium.remote.HttpCommandExecutor.execute(HttpCommandExecutor.java:184)
at org.openqa.selenium.remote.service.DriverCommandExecutor.invokeExecute(DriverCommandExecutor.java:164)
at org.openqa.selenium.remote.service.DriverCommandExecutor.execute(DriverCommandExecutor.java:139)
at org.openqa.selenium.remote.RemoteWebDriver.execute(RemoteWebDriver.java:559)
at org.openqa.selenium.remote.RemoteWebElement.execute(RemoteWebElement.java:251)
at org.openqa.selenium.remote.RemoteWebElement.click(RemoteWebElement.java:77)
at testNg.BookStore.verifyElements(BookStore.java:34)
at java.base/java.util.ArrayList.forEach(ArrayList.java:1511)
... Removed 28 stack frames]]>
    </failure>
  </testcase> <!-- verifyElements -->
  <testcase classname="testNg.Frame" name="verifyFrames" time="0.851"/>
</testsuite> <!-- Test -->
